Analysis & Synthesis report for MiniProjeto
Wed May 18 22:45:08 2022
Quartus Prime Version 17.1.0 Build 590 10/25/2017 SJ Lite Edition


---------------------
; Table of Contents ;
---------------------
  1. Legal Notice
  2. Analysis & Synthesis Summary
  3. Analysis & Synthesis Settings
  4. Parallel Compilation
  5. Analysis & Synthesis Source Files Read
  6. Analysis & Synthesis Resource Usage Summary
  7. Analysis & Synthesis Resource Utilization by Entity
  8. General Register Statistics
  9. Inverted Register Statistics
 10. Multiplexer Restructuring Statistics (Restructuring Performed)
 11. Parameter Settings for User Entity Instance: DebounceUnit:debounceKEY0
 12. Parameter Settings for User Entity Instance: DebounceUnit:debounceKEY1
 13. Parameter Settings for User Entity Instance: BlinkPulseGenerator:displayPulseGenerator
 14. Parameter Settings for User Entity Instance: EnablePulseGenerator:counterPulseGenerator
 15. Post-Synthesis Netlist Statistics for Top Partition
 16. Elapsed Time Per Partition
 17. Analysis & Synthesis Messages



----------------
; Legal Notice ;
----------------
Copyright (C) 2017  Intel Corporation. All rights reserved.
Your use of Intel Corporation's design tools, logic functions 
and other software and tools, and its AMPP partner logic 
functions, and any output files from any of the foregoing 
(including device programming or simulation files), and any 
associated documentation or information are expressly subject 
to the terms and conditions of the Intel Program License 
Subscription Agreement, the Intel Quartus Prime License Agreement,
the Intel FPGA IP License Agreement, or other applicable license
agreement, including, without limitation, that your use is for
the sole purpose of programming logic devices manufactured by
Intel and sold by Intel or its authorized distributors.  Please
refer to the applicable agreement for further details.



+----------------------------------------------------------------------------------+
; Analysis & Synthesis Summary                                                     ;
+------------------------------------+---------------------------------------------+
; Analysis & Synthesis Status        ; Successful - Wed May 18 22:45:08 2022       ;
; Quartus Prime Version              ; 17.1.0 Build 590 10/25/2017 SJ Lite Edition ;
; Revision Name                      ; MiniProjeto                                 ;
; Top-level Entity Name              ; MiniProjeto                                 ;
; Family                             ; Cyclone IV E                                ;
; Total logic elements               ; 241                                         ;
;     Total combinational functions  ; 237                                         ;
;     Dedicated logic registers      ; 113                                         ;
; Total registers                    ; 113                                         ;
; Total pins                         ; 11                                          ;
; Total virtual pins                 ; 0                                           ;
; Total memory bits                  ; 0                                           ;
; Embedded Multiplier 9-bit elements ; 0                                           ;
; Total PLLs                         ; 0                                           ;
+------------------------------------+---------------------------------------------+


+----------------------------------------------------------------------------------------------------------------------+
; Analysis & Synthesis Settings                                                                                        ;
+----------------------------------------------------------------------------+--------------------+--------------------+
; Option                                                                     ; Setting            ; Default Value      ;
+----------------------------------------------------------------------------+--------------------+--------------------+
; Device                                                                     ; EP4CE115F29C7      ;                    ;
; Top-level entity name                                                      ; MiniProjeto        ; MiniProjeto        ;
; Family name                                                                ; Cyclone IV E       ; Cyclone V          ;
; VHDL Show LMF Mapping Messages                                             ; Off                ;                    ;
; VHDL Version                                                               ; VHDL_2008          ; VHDL_1993          ;
; Use smart compilation                                                      ; Off                ; Off                ;
; Enable parallel Assembler and TimeQuest Timing Analyzer during compilation ; On                 ; On                 ;
; Enable compact report table                                                ; Off                ; Off                ;
; Restructure Multiplexers                                                   ; Auto               ; Auto               ;
; Create Debugging Nodes for IP Cores                                        ; Off                ; Off                ;
; Preserve fewer node names                                                  ; On                 ; On                 ;
; Intel FPGA IP Evaluation Mode                                              ; Enable             ; Enable             ;
; Verilog Version                                                            ; Verilog_2001       ; Verilog_2001       ;
; State Machine Processing                                                   ; Auto               ; Auto               ;
; Safe State Machine                                                         ; Off                ; Off                ;
; Extract Verilog State Machines                                             ; On                 ; On                 ;
; Extract VHDL State Machines                                                ; On                 ; On                 ;
; Ignore Verilog initial constructs                                          ; Off                ; Off                ;
; Iteration limit for constant Verilog loops                                 ; 5000               ; 5000               ;
; Iteration limit for non-constant Verilog loops                             ; 250                ; 250                ;
; Add Pass-Through Logic to Inferred RAMs                                    ; On                 ; On                 ;
; Infer RAMs from Raw Logic                                                  ; On                 ; On                 ;
; Parallel Synthesis                                                         ; On                 ; On                 ;
; DSP Block Balancing                                                        ; Auto               ; Auto               ;
; NOT Gate Push-Back                                                         ; On                 ; On                 ;
; Power-Up Don't Care                                                        ; On                 ; On                 ;
; Remove Redundant Logic Cells                                               ; Off                ; Off                ;
; Remove Duplicate Registers                                                 ; On                 ; On                 ;
; Ignore CARRY Buffers                                                       ; Off                ; Off                ;
; Ignore CASCADE Buffers                                                     ; Off                ; Off                ;
; Ignore GLOBAL Buffers                                                      ; Off                ; Off                ;
; Ignore ROW GLOBAL Buffers                                                  ; Off                ; Off                ;
; Ignore LCELL Buffers                                                       ; Off                ; Off                ;
; Ignore SOFT Buffers                                                        ; On                 ; On                 ;
; Limit AHDL Integers to 32 Bits                                             ; Off                ; Off                ;
; Optimization Technique                                                     ; Balanced           ; Balanced           ;
; Carry Chain Length                                                         ; 70                 ; 70                 ;
; Auto Carry Chains                                                          ; On                 ; On                 ;
; Auto Open-Drain Pins                                                       ; On                 ; On                 ;
; Perform WYSIWYG Primitive Resynthesis                                      ; Off                ; Off                ;
; Auto ROM Replacement                                                       ; On                 ; On                 ;
; Auto RAM Replacement                                                       ; On                 ; On                 ;
; Auto DSP Block Replacement                                                 ; On                 ; On                 ;
; Auto Shift Register Replacement                                            ; Auto               ; Auto               ;
; Allow Shift Register Merging across Hierarchies                            ; Auto               ; Auto               ;
; Auto Clock Enable Replacement                                              ; On                 ; On                 ;
; Strict RAM Replacement                                                     ; Off                ; Off                ;
; Allow Synchronous Control Signals                                          ; On                 ; On                 ;
; Force Use of Synchronous Clear Signals                                     ; Off                ; Off                ;
; Auto RAM Block Balancing                                                   ; On                 ; On                 ;
; Auto RAM to Logic Cell Conversion                                          ; Off                ; Off                ;
; Auto Resource Sharing                                                      ; Off                ; Off                ;
; Allow Any RAM Size For Recognition                                         ; Off                ; Off                ;
; Allow Any ROM Size For Recognition                                         ; Off                ; Off                ;
; Allow Any Shift Register Size For Recognition                              ; Off                ; Off                ;
; Use LogicLock Constraints during Resource Balancing                        ; On                 ; On                 ;
; Ignore translate_off and synthesis_off directives                          ; Off                ; Off                ;
; Timing-Driven Synthesis                                                    ; On                 ; On                 ;
; Report Parameter Settings                                                  ; On                 ; On                 ;
; Report Source Assignments                                                  ; On                 ; On                 ;
; Report Connectivity Checks                                                 ; On                 ; On                 ;
; Ignore Maximum Fan-Out Assignments                                         ; Off                ; Off                ;
; Synchronization Register Chain Length                                      ; 2                  ; 2                  ;
; Power Optimization During Synthesis                                        ; Normal compilation ; Normal compilation ;
; HDL message level                                                          ; Level2             ; Level2             ;
; Suppress Register Optimization Related Messages                            ; Off                ; Off                ;
; Number of Removed Registers Reported in Synthesis Report                   ; 5000               ; 5000               ;
; Number of Swept Nodes Reported in Synthesis Report                         ; 5000               ; 5000               ;
; Number of Inverted Registers Reported in Synthesis Report                  ; 100                ; 100                ;
; Clock MUX Protection                                                       ; On                 ; On                 ;
; Auto Gated Clock Conversion                                                ; Off                ; Off                ;
; Block Design Naming                                                        ; Auto               ; Auto               ;
; SDC constraint protection                                                  ; Off                ; Off                ;
; Synthesis Effort                                                           ; Auto               ; Auto               ;
; Shift Register Replacement - Allow Asynchronous Clear Signal               ; On                 ; On                 ;
; Pre-Mapping Resynthesis Optimization                                       ; Off                ; Off                ;
; Analysis & Synthesis Message Level                                         ; Medium             ; Medium             ;
; Disable Register Merging Across Hierarchies                                ; Auto               ; Auto               ;
; Resource Aware Inference For Block RAM                                     ; On                 ; On                 ;
+----------------------------------------------------------------------------+--------------------+--------------------+


+------------------------------------------+
; Parallel Compilation                     ;
+----------------------------+-------------+
; Processors                 ; Number      ;
+----------------------------+-------------+
; Number detected on machine ; 16          ;
; Maximum allowed            ; 16          ;
;                            ;             ;
; Average used               ; 1.00        ;
; Maximum used               ; 16          ;
;                            ;             ;
; Usage by Processor         ; % Time Used ;
;     Processor 1            ; 100.0%      ;
;     Processors 2-16        ;   0.0%      ;
+----------------------------+-------------+


+---------------------------------------------------------------------------------------------------------------------------------------------------------------------------------------------------------+
; Analysis & Synthesis Source Files Read                                                                                                                                                                  ;
+----------------------------------+-----------------+-----------------+------------------------------------------------------------------------------------------------------------------------+---------+
; File Name with User-Entered Path ; Used in Netlist ; File Type       ; File Name with Absolute Path                                                                                           ; Library ;
+----------------------------------+-----------------+-----------------+------------------------------------------------------------------------------------------------------------------------+---------+
; CounterDown4.vhd                 ; yes             ; User VHDL File  ; C:/Users/benny/Desktop/ECT/2º Ano/2 Semestre/LSD/LSD/MiniProjeto3/LSD_MiniProjeto/MiniProjeto/CounterDown4.vhd         ;         ;
; EnablePulseGenerator.vhd         ; yes             ; User VHDL File  ; C:/Users/benny/Desktop/ECT/2º Ano/2 Semestre/LSD/LSD/MiniProjeto3/LSD_MiniProjeto/MiniProjeto/EnablePulseGenerator.vhd ;         ;
; Bin7SegDecoder.vhd               ; yes             ; User VHDL File  ; C:/Users/benny/Desktop/ECT/2º Ano/2 Semestre/LSD/LSD/MiniProjeto3/LSD_MiniProjeto/MiniProjeto/Bin7SegDecoder.vhd       ;         ;
; MiniProjeto.vhd                  ; yes             ; User VHDL File  ; C:/Users/benny/Desktop/ECT/2º Ano/2 Semestre/LSD/LSD/MiniProjeto3/LSD_MiniProjeto/MiniProjeto/MiniProjeto.vhd          ;         ;
; DebounceUnit.vhd                 ; yes             ; User VHDL File  ; C:/Users/benny/Desktop/ECT/2º Ano/2 Semestre/LSD/LSD/MiniProjeto3/LSD_MiniProjeto/MiniProjeto/DebounceUnit.vhd         ;         ;
; BlinkPulseGenerator.vhd          ; yes             ; User VHDL File  ; C:/Users/benny/Desktop/ECT/2º Ano/2 Semestre/LSD/LSD/MiniProjeto3/LSD_MiniProjeto/MiniProjeto/BlinkPulseGenerator.vhd  ;         ;
+----------------------------------+-----------------+-----------------+------------------------------------------------------------------------------------------------------------------------+---------+


+--------------------------------------------------------------+
; Analysis & Synthesis Resource Usage Summary                  ;
+---------------------------------------------+----------------+
; Resource                                    ; Usage          ;
+---------------------------------------------+----------------+
; Estimated Total logic elements              ; 241            ;
;                                             ;                ;
; Total combinational functions               ; 237            ;
; Logic element usage by number of LUT inputs ;                ;
;     -- 4 input functions                    ; 78             ;
;     -- 3 input functions                    ; 37             ;
;     -- <=2 input functions                  ; 122            ;
;                                             ;                ;
; Logic elements by mode                      ;                ;
;     -- normal mode                          ; 143            ;
;     -- arithmetic mode                      ; 94             ;
;                                             ;                ;
; Total registers                             ; 113            ;
;     -- Dedicated logic registers            ; 113            ;
;     -- I/O registers                        ; 0              ;
;                                             ;                ;
; I/O pins                                    ; 11             ;
;                                             ;                ;
; Embedded Multiplier 9-bit elements          ; 0              ;
;                                             ;                ;
; Maximum fan-out node                        ; CLOCK_50~input ;
; Maximum fan-out                             ; 112            ;
; Total fan-out                               ; 997            ;
; Average fan-out                             ; 2.68           ;
+---------------------------------------------+----------------+


+----------------------------------------------------------------------------------------------------------------------------------------------------------------------------------------------------------------------------------------------------------------------------+
; Analysis & Synthesis Resource Utilization by Entity                                                                                                                                                                                                                        ;
+-------------------------------------------------+---------------------+---------------------------+-------------+--------------+---------+-----------+------+--------------+---------------------------------------------------------+----------------------+--------------+
; Compilation Hierarchy Node                      ; Combinational ALUTs ; Dedicated Logic Registers ; Memory Bits ; DSP Elements ; DSP 9x9 ; DSP 18x18 ; Pins ; Virtual Pins ; Full Hierarchy Name                                     ; Entity Name          ; Library Name ;
+-------------------------------------------------+---------------------+---------------------------+-------------+--------------+---------+-----------+------+--------------+---------------------------------------------------------+----------------------+--------------+
; |MiniProjeto                                    ; 237 (4)             ; 113 (3)                   ; 0           ; 0            ; 0       ; 0         ; 11   ; 0            ; |MiniProjeto                                            ; MiniProjeto          ; work         ;
;    |Bin7SegDecoder:sevenSegmentDisplay|         ; 16 (16)             ; 0 (0)                     ; 0           ; 0            ; 0       ; 0         ; 0    ; 0            ; |MiniProjeto|Bin7SegDecoder:sevenSegmentDisplay         ; Bin7SegDecoder       ; work         ;
;    |BlinkPulseGenerator:displayPulseGenerator|  ; 40 (40)             ; 27 (27)                   ; 0           ; 0            ; 0       ; 0         ; 0    ; 0            ; |MiniProjeto|BlinkPulseGenerator:displayPulseGenerator  ; BlinkPulseGenerator  ; work         ;
;    |CounterDown4:counter|                       ; 6 (6)               ; 4 (4)                     ; 0           ; 0            ; 0       ; 0         ; 0    ; 0            ; |MiniProjeto|CounterDown4:counter                       ; CounterDown4         ; work         ;
;    |DebounceUnit:debounceKEY0|                  ; 67 (67)             ; 26 (26)                   ; 0           ; 0            ; 0       ; 0         ; 0    ; 0            ; |MiniProjeto|DebounceUnit:debounceKEY0                  ; DebounceUnit         ; work         ;
;    |DebounceUnit:debounceKEY1|                  ; 67 (67)             ; 26 (26)                   ; 0           ; 0            ; 0       ; 0         ; 0    ; 0            ; |MiniProjeto|DebounceUnit:debounceKEY1                  ; DebounceUnit         ; work         ;
;    |EnablePulseGenerator:counterPulseGenerator| ; 37 (37)             ; 27 (27)                   ; 0           ; 0            ; 0       ; 0         ; 0    ; 0            ; |MiniProjeto|EnablePulseGenerator:counterPulseGenerator ; EnablePulseGenerator ; work         ;
+-------------------------------------------------+---------------------+---------------------------+-------------+--------------+---------+-----------+------+--------------+---------------------------------------------------------+----------------------+--------------+
Note: For table entries with two numbers listed, the numbers in parentheses indicate the number of resources of the given type used by the specific entity alone. The numbers listed outside of parentheses indicate the total resources of the given type used by the specific entity and all of its sub-entities in the hierarchy.


+------------------------------------------------------+
; General Register Statistics                          ;
+----------------------------------------------+-------+
; Statistic                                    ; Value ;
+----------------------------------------------+-------+
; Total registers                              ; 113   ;
; Number of registers using Synchronous Clear  ; 52    ;
; Number of registers using Synchronous Load   ; 0     ;
; Number of registers using Asynchronous Clear ; 1     ;
; Number of registers using Asynchronous Load  ; 0     ;
; Number of registers using Clock Enable       ; 40    ;
; Number of registers using Preset             ; 0     ;
+----------------------------------------------+-------+


+--------------------------------------------------+
; Inverted Register Statistics                     ;
+----------------------------------------+---------+
; Inverted Register                      ; Fan out ;
+----------------------------------------+---------+
; s_key0                                 ; 1       ;
; s_key2                                 ; 1       ;
; Total number of inverted registers = 2 ;         ;
+----------------------------------------+---------+


+--------------------------------------------------------------------------------------------------------------------------------------------------------------------------------+
; Multiplexer Restructuring Statistics (Restructuring Performed)                                                                                                                 ;
+--------------------+-----------+---------------+----------------------+------------------------+------------+------------------------------------------------------------------+
; Multiplexer Inputs ; Bus Width ; Baseline Area ; Area if Restructured ; Saving if Restructured ; Registered ; Example Multiplexer Output                                       ;
+--------------------+-----------+---------------+----------------------+------------------------+------------+------------------------------------------------------------------+
; 3:1                ; 4 bits    ; 8 LEs         ; 4 LEs                ; 4 LEs                  ; Yes        ; |MiniProjeto|CounterDown4:counter|s_count[3]                     ;
; 3:1                ; 26 bits   ; 52 LEs        ; 26 LEs               ; 26 LEs                 ; Yes        ; |MiniProjeto|EnablePulseGenerator:counterPulseGenerator|s_cnt[0] ;
; 5:1                ; 23 bits   ; 69 LEs        ; 46 LEs               ; 23 LEs                 ; Yes        ; |MiniProjeto|DebounceUnit:debounceKEY0|s_debounceCnt[5]          ;
; 5:1                ; 23 bits   ; 69 LEs        ; 46 LEs               ; 23 LEs                 ; Yes        ; |MiniProjeto|DebounceUnit:debounceKEY1|s_debounceCnt[17]         ;
; 17:1               ; 2 bits    ; 22 LEs        ; 16 LEs               ; 6 LEs                  ; No         ; |MiniProjeto|Bin7SegDecoder:sevenSegmentDisplay|decOut_n[3]      ;
+--------------------+-----------+---------------+----------------------+------------------------+------------+------------------------------------------------------------------+


+------------------------------------------------------------------------+
; Parameter Settings for User Entity Instance: DebounceUnit:debounceKEY0 ;
+----------------+-------+-----------------------------------------------+
; Parameter Name ; Value ; Type                                          ;
+----------------+-------+-----------------------------------------------+
; khzclkfreq     ; 50000 ; Signed Integer                                ;
; msecmininwidth ; 100   ; Signed Integer                                ;
; inpolarity     ; '0'   ; Enumerated                                    ;
; outpolarity    ; '1'   ; Enumerated                                    ;
+----------------+-------+-----------------------------------------------+
Note: In order to hide this table in the UI and the text report file, please set the "Show Parameter Settings in Synthesis Report" option in "Analysis and Synthesis Settings -> More Settings" to "Off".


+------------------------------------------------------------------------+
; Parameter Settings for User Entity Instance: DebounceUnit:debounceKEY1 ;
+----------------+-------+-----------------------------------------------+
; Parameter Name ; Value ; Type                                          ;
+----------------+-------+-----------------------------------------------+
; khzclkfreq     ; 50000 ; Signed Integer                                ;
; msecmininwidth ; 100   ; Signed Integer                                ;
; inpolarity     ; '0'   ; Enumerated                                    ;
; outpolarity    ; '1'   ; Enumerated                                    ;
+----------------+-------+-----------------------------------------------+
Note: In order to hide this table in the UI and the text report file, please set the "Show Parameter Settings in Synthesis Report" option in "Analysis and Synthesis Settings -> More Settings" to "Off".


+----------------------------------------------------------------------------------------+
; Parameter Settings for User Entity Instance: BlinkPulseGenerator:displayPulseGenerator ;
+----------------+----------+------------------------------------------------------------+
; Parameter Name ; Value    ; Type                                                       ;
+----------------+----------+------------------------------------------------------------+
; number_steps   ; 50000000 ; Signed Integer                                             ;
+----------------+----------+------------------------------------------------------------+
Note: In order to hide this table in the UI and the text report file, please set the "Show Parameter Settings in Synthesis Report" option in "Analysis and Synthesis Settings -> More Settings" to "Off".


+-----------------------------------------------------------------------------------------+
; Parameter Settings for User Entity Instance: EnablePulseGenerator:counterPulseGenerator ;
+----------------+----------+-------------------------------------------------------------+
; Parameter Name ; Value    ; Type                                                        ;
+----------------+----------+-------------------------------------------------------------+
; max            ; 50000000 ; Signed Integer                                              ;
+----------------+----------+-------------------------------------------------------------+
Note: In order to hide this table in the UI and the text report file, please set the "Show Parameter Settings in Synthesis Report" option in "Analysis and Synthesis Settings -> More Settings" to "Off".


+-----------------------------------------------------+
; Post-Synthesis Netlist Statistics for Top Partition ;
+-----------------------+-----------------------------+
; Type                  ; Count                       ;
+-----------------------+-----------------------------+
; boundary_port         ; 11                          ;
; cycloneiii_ff         ; 113                         ;
;     CLR               ; 1                           ;
;     ENA               ; 40                          ;
;     SCLR              ; 52                          ;
;     plain             ; 20                          ;
; cycloneiii_lcell_comb ; 237                         ;
;     arith             ; 94                          ;
;         2 data inputs ; 94                          ;
;     normal            ; 143                         ;
;         1 data inputs ; 7                           ;
;         2 data inputs ; 21                          ;
;         3 data inputs ; 37                          ;
;         4 data inputs ; 78                          ;
;                       ;                             ;
; Max LUT depth         ; 7.00                        ;
; Average LUT depth     ; 3.97                        ;
+-----------------------+-----------------------------+


+-------------------------------+
; Elapsed Time Per Partition    ;
+----------------+--------------+
; Partition Name ; Elapsed Time ;
+----------------+--------------+
; Top            ; 00:00:00     ;
+----------------+--------------+


+-------------------------------+
; Analysis & Synthesis Messages ;
+-------------------------------+
Info: *******************************************************************
Info: Running Quartus Prime Analysis & Synthesis
    Info: Version 17.1.0 Build 590 10/25/2017 SJ Lite Edition
    Info: Processing started: Wed May 18 22:44:56 2022
Info: Command: quartus_map --read_settings_files=on --write_settings_files=off MiniProjeto -c MiniProjeto
Warning (18236): Number of processors has not been specified which may cause overloading on shared machines.  Set the global assignment NUM_PARALLEL_PROCESSORS in your QSF to an appropriate value for best performance.
Info (20030): Parallel compilation is enabled and will use 16 of the 16 processors detected
Info (12021): Found 2 design units, including 1 entities, in source file counterdown4.vhd
    Info (12022): Found design unit 1: CounterDown4-Behavioral File: C:/Users/benny/Desktop/ECT/2º Ano/2 Semestre/LSD/LSD/MiniProjeto3/LSD_MiniProjeto/MiniProjeto/CounterDown4.vhd Line: 13
    Info (12023): Found entity 1: CounterDown4 File: C:/Users/benny/Desktop/ECT/2º Ano/2 Semestre/LSD/LSD/MiniProjeto3/LSD_MiniProjeto/MiniProjeto/CounterDown4.vhd Line: 5
Info (12021): Found 2 design units, including 1 entities, in source file enablepulsegenerator.vhd
    Info (12022): Found design unit 1: EnablePulseGenerator-Behavioral File: C:/Users/benny/Desktop/ECT/2º Ano/2 Semestre/LSD/LSD/MiniProjeto3/LSD_MiniProjeto/MiniProjeto/EnablePulseGenerator.vhd Line: 12
    Info (12023): Found entity 1: EnablePulseGenerator File: C:/Users/benny/Desktop/ECT/2º Ano/2 Semestre/LSD/LSD/MiniProjeto3/LSD_MiniProjeto/MiniProjeto/EnablePulseGenerator.vhd Line: 5
Info (12021): Found 2 design units, including 1 entities, in source file counterdown4_tb.vhd
    Info (12022): Found design unit 1: CounterDown4_Tb-Stimulus File: C:/Users/benny/Desktop/ECT/2º Ano/2 Semestre/LSD/LSD/MiniProjeto3/LSD_MiniProjeto/MiniProjeto/CounterDown4_Tb.vhd Line: 7
    Info (12023): Found entity 1: CounterDown4_Tb File: C:/Users/benny/Desktop/ECT/2º Ano/2 Semestre/LSD/LSD/MiniProjeto3/LSD_MiniProjeto/MiniProjeto/CounterDown4_Tb.vhd Line: 4
Info (12021): Found 2 design units, including 1 entities, in source file bin7segdecoder.vhd
    Info (12022): Found design unit 1: Bin7SegDecoder-Behavioral File: C:/Users/benny/Desktop/ECT/2º Ano/2 Semestre/LSD/LSD/MiniProjeto3/LSD_MiniProjeto/MiniProjeto/Bin7SegDecoder.vhd Line: 10
    Info (12023): Found entity 1: Bin7SegDecoder File: C:/Users/benny/Desktop/ECT/2º Ano/2 Semestre/LSD/LSD/MiniProjeto3/LSD_MiniProjeto/MiniProjeto/Bin7SegDecoder.vhd Line: 4
Info (12021): Found 2 design units, including 1 entities, in source file miniprojeto.vhd
    Info (12022): Found design unit 1: MiniProjeto-Structural File: C:/Users/benny/Desktop/ECT/2º Ano/2 Semestre/LSD/LSD/MiniProjeto3/LSD_MiniProjeto/MiniProjeto/MiniProjeto.vhd Line: 11
    Info (12023): Found entity 1: MiniProjeto File: C:/Users/benny/Desktop/ECT/2º Ano/2 Semestre/LSD/LSD/MiniProjeto3/LSD_MiniProjeto/MiniProjeto/MiniProjeto.vhd Line: 5
Info (12021): Found 2 design units, including 1 entities, in source file debounceunit.vhd
    Info (12022): Found design unit 1: DebounceUnit-Behavioral File: C:/Users/benny/Desktop/ECT/2º Ano/2 Semestre/LSD/LSD/MiniProjeto3/LSD_MiniProjeto/MiniProjeto/DebounceUnit.vhd Line: 15
    Info (12023): Found entity 1: DebounceUnit File: C:/Users/benny/Desktop/ECT/2º Ano/2 Semestre/LSD/LSD/MiniProjeto3/LSD_MiniProjeto/MiniProjeto/DebounceUnit.vhd Line: 5
Info (12021): Found 2 design units, including 1 entities, in source file blinkpulsegenerator.vhd
    Info (12022): Found design unit 1: BlinkPulseGenerator-Behavioral File: C:/Users/benny/Desktop/ECT/2º Ano/2 Semestre/LSD/LSD/MiniProjeto3/LSD_MiniProjeto/MiniProjeto/BlinkPulseGenerator.vhd Line: 12
    Info (12023): Found entity 1: BlinkPulseGenerator File: C:/Users/benny/Desktop/ECT/2º Ano/2 Semestre/LSD/LSD/MiniProjeto3/LSD_MiniProjeto/MiniProjeto/BlinkPulseGenerator.vhd Line: 5
Info (12021): Found 1 design units, including 1 entities, in source file fase6.bdf
    Info (12023): Found entity 1: Fase6
Info (12127): Elaborating entity "MiniProjeto" for the top level hierarchy
Warning (10036): Verilog HDL or VHDL warning at MiniProjeto.vhd(14): object "s_key1" assigned a value but never read File: C:/Users/benny/Desktop/ECT/2º Ano/2 Semestre/LSD/LSD/MiniProjeto3/LSD_MiniProjeto/MiniProjeto/MiniProjeto.vhd Line: 14
Info (12129): Elaborating entity "DebounceUnit" using architecture "A:behavioral" for hierarchy "DebounceUnit:debounceKEY0" File: C:/Users/benny/Desktop/ECT/2º Ano/2 Semestre/LSD/LSD/MiniProjeto3/LSD_MiniProjeto/MiniProjeto/MiniProjeto.vhd Line: 47
Info (12129): Elaborating entity "BlinkPulseGenerator" using architecture "A:behavioral" for hierarchy "BlinkPulseGenerator:displayPulseGenerator" File: C:/Users/benny/Desktop/ECT/2º Ano/2 Semestre/LSD/LSD/MiniProjeto3/LSD_MiniProjeto/MiniProjeto/MiniProjeto.vhd Line: 79
Info (12129): Elaborating entity "EnablePulseGenerator" using architecture "A:behavioral" for hierarchy "EnablePulseGenerator:counterPulseGenerator" File: C:/Users/benny/Desktop/ECT/2º Ano/2 Semestre/LSD/LSD/MiniProjeto3/LSD_MiniProjeto/MiniProjeto/MiniProjeto.vhd Line: 94
Info (12129): Elaborating entity "CounterDown4" using architecture "A:behavioral" for hierarchy "CounterDown4:counter" File: C:/Users/benny/Desktop/ECT/2º Ano/2 Semestre/LSD/LSD/MiniProjeto3/LSD_MiniProjeto/MiniProjeto/MiniProjeto.vhd Line: 100
Info (12129): Elaborating entity "Bin7SegDecoder" using architecture "A:behavioral" for hierarchy "Bin7SegDecoder:sevenSegmentDisplay" File: C:/Users/benny/Desktop/ECT/2º Ano/2 Semestre/LSD/LSD/MiniProjeto3/LSD_MiniProjeto/MiniProjeto/MiniProjeto.vhd Line: 107
Info (286030): Timing-Driven Synthesis is running
Critical Warning (18061): Ignored Power-Up Level option on the following registers
    Critical Warning (18010): Register s_startStop will power up to Low File: C:/Users/benny/Desktop/ECT/2º Ano/2 Semestre/LSD/LSD/MiniProjeto3/LSD_MiniProjeto/MiniProjeto/MiniProjeto.vhd Line: 31
Info (16010): Generating hard_block partition "hard_block:auto_generated_inst"
    Info (16011): Adding 0 node(s), including 0 DDIO, 0 PLL, 0 transceiver and 0 LCELL
Warning (21074): Design contains 1 input pin(s) that do not drive logic
    Warning (15610): No output dependent on input pin "KEY[1]" File: C:/Users/benny/Desktop/ECT/2º Ano/2 Semestre/LSD/LSD/MiniProjeto3/LSD_MiniProjeto/MiniProjeto/MiniProjeto.vhd Line: 7
Info (21057): Implemented 252 device resources after synthesis - the final resource count might be different
    Info (21058): Implemented 4 input pins
    Info (21059): Implemented 7 output pins
    Info (21061): Implemented 241 logic cells
Info: Quartus Prime Analysis & Synthesis was successful. 0 errors, 6 warnings
    Info: Peak virtual memory: 4854 megabytes
    Info: Processing ended: Wed May 18 22:45:08 2022
    Info: Elapsed time: 00:00:12
    Info: Total CPU time (on all processors): 00:00:25


